<?xml version="1.0" encoding="UTF-8" ?>
<testsuite errors="0" failures="0" hostname="C01-DAT0052" name="TestMessageUtil" skipped="0" tests="2" time="0.055" timestamp="2017-07-05T04:52:19">
  <properties>
[...]
</properties>
  <testcase classname="TestMessageUtil" name="testSalutationMessage" time="0.002" />
  <testcase classname="TestMessageUtil" name="testPrintMessage" time="0.0" />
  <system-out><![CDATA[Inside testSalutationMessage()
Hi!Robert
Inside testPrintMessage()
Robert
]]></system-out>
  <system-err><![CDATA[]]></system-err>
</testsuite>
